# JRE version: OpenJDK Runtime Environment (8.0_131-b11) (build 1.8.0_131-8u131-b11-0ubuntu1.16.04.2-b11)
# Java VM: OpenJDK Server VM (25.131-b11 mixed mode linux-x86 )
Heap:
 PSYoungGen      total 217088K, used 70082K [0x91cc0000, 0x9ff00000, 0xa6e00000)
  eden space 207104K, 29% used [0x91cc0000,0x957734f0,0x9e700000)
  from space 9984K, 99% used [0x9f240000,0x9fbfd358,0x9fc00000)
  to   space 11520K, 0% used [0x9e700000,0x9e700000,0x9f240000)
 ParOldGen       total 43776K, used 20563K [0x67a00000, 0x6a4c0000, 0x91cc0000)
  object space 43776K, 46% used [0x67a00000,0x68e14d10,0x6a4c0000)
 Metaspace       used 10365K, capacity 10588K, committed 10672K, reserved 11568K
GC Heap History (10 events):
Event: 2.559 GC heap before
{Heap before GC invocations=6 (full 0):
 PSYoungGen      total 35840K, used 35837K [0x91cc0000, 0x96d40000, 0xa6e00000)
  eden space 33280K, 100% used [0x91cc0000,0x93d40000,0x93d40000)
  from space 2560K, 99% used [0x93d40000,0x93fbf660,0x93fc0000)
  to   space 7936K, 0% used [0x96580000,0x96580000,0x96d40000)
 ParOldGen       total 43776K, used 11754K [0x67a00000, 0x6a4c0000, 0x91cc0000)
  object space 43776K, 26% used [0x67a00000,0x6857a968,0x6a4c0000)
 Metaspace       used 9058K, capacity 9267K, committed 9392K, reserved 9520K
Event: 2.576 GC heap after
Heap after GC invocations=6 (full 0):
 PSYoungGen      total 73216K, used 7921K [0x91cc0000, 0x96fc0000, 0xa6e00000)
  eden space 65280K, 0% used [0x91cc0000,0x91cc0000,0x95c80000)
  from space 7936K, 99% used [0x96580000,0x96d3c440,0x96d40000)
  to   space 9216K, 0% used [0x95c80000,0x95c80000,0x96580000)
 ParOldGen       total 43776K, used 12088K [0x67a00000, 0x6a4c0000, 0x91cc0000)
  object space 43776K, 27% used [0x67a00000,0x685ce280,0x6a4c0000)
 Metaspace       used 9058K, capacity 9267K, committed 9392K, reserved 9520K
}
Event: 3.343 GC heap before
{Heap before GC invocations=7 (full 0):
 PSYoungGen      total 73216K, used 73201K [0x91cc0000, 0x96fc0000, 0xa6e00000)
  eden space 65280K, 100% used [0x91cc0000,0x95c80000,0x95c80000)
  from space 7936K, 99% used [0x96580000,0x96d3c440,0x96d40000)
  to   space 9216K, 0% used [0x95c80000,0x95c80000,0x96580000)
 ParOldGen       total 43776K, used 12088K [0x67a00000, 0x6a4c0000, 0x91cc0000)
  object space 43776K, 27% used [0x67a00000,0x685ce280,0x6a4c0000)
 Metaspace       used 10057K, capacity 10290K, committed 10416K, reserved 10544K
Event: 3.363 GC heap after
Heap after GC invocations=7 (full 0):
 PSYoungGen      total 74496K, used 7686K [0x91cc0000, 0x9afc0000, 0xa6e00000)
  eden space 65280K, 0% used [0x91cc0000,0x91cc0000,0x95c80000)
  from space 9216K, 83% used [0x95c80000,0x96401a20,0x96580000)
  to   space 9984K, 0% used [0x9a600000,0x9a600000,0x9afc0000)
 ParOldGen       total 43776K, used 12923K [0x67a00000, 0x6a4c0000, 0x91cc0000)
  object space 43776K, 29% used [0x67a00000,0x6869ec90,0x6a4c0000)
 Metaspace       used 10057K, capacity 10290K, committed 10416K, reserved 10544K
}
Event: 3.715 GC heap before
{Heap before GC invocations=8 (full 0):
 PSYoungGen      total 74496K, used 72966K [0x91cc0000, 0x9afc0000, 0xa6e00000)
  eden space 65280K, 100% used [0x91cc0000,0x95c80000,0x95c80000)
  from space 9216K, 83% used [0x95c80000,0x96401a20,0x96580000)
  to   space 9984K, 0% used [0x9a600000,0x9a600000,0x9afc0000)
 ParOldGen       total 43776K, used 12923K [0x67a00000, 0x6a4c0000, 0x91cc0000)
  object space 43776K, 29% used [0x67a00000,0x6869ec90,0x6a4c0000)
 Metaspace       used 10169K, capacity 10426K, committed 10544K, reserved 10544K
Event: 3.728 GC heap after
Heap after GC invocations=8 (full 0):
 PSYoungGen      total 140288K, used 7473K [0x91cc0000, 0x9b040000, 0xa6e00000)
  eden space 130304K, 0% used [0x91cc0000,0x91cc0000,0x99c00000)
  from space 9984K, 74% used [0x9a600000,0x9ad4c528,0x9afc0000)
  to   space 10240K, 0% used [0x99c00000,0x99c00000,0x9a600000)
 ParOldGen       total 43776K, used 14116K [0x67a00000, 0x6a4c0000, 0x91cc0000)
  object space 43776K, 32% used [0x67a00000,0x687c90d0,0x6a4c0000)
 Metaspace       used 10169K, capacity 10426K, committed 10544K, reserved 10544K
}
Event: 4.720 GC heap before
{Heap before GC invocations=9 (full 0):
 PSYoungGen      total 140288K, used 137777K [0x91cc0000, 0x9b040000, 0xa6e00000)
  eden space 130304K, 100% used [0x91cc0000,0x99c00000,0x99c00000)
  from space 9984K, 74% used [0x9a600000,0x9ad4c528,0x9afc0000)
  to   space 10240K, 0% used [0x99c00000,0x99c00000,0x9a600000)
 ParOldGen       total 43776K, used 14116K [0x67a00000, 0x6a4c0000, 0x91cc0000)
  object space 43776K, 32% used [0x67a00000,0x687c90d0,0x6a4c0000)
 Metaspace       used 10250K, capacity 10490K, committed 10544K, reserved 10544K
Event: 4.731 GC heap after
Heap after GC invocations=9 (full 0):
 PSYoungGen      total 140544K, used 6336K [0x91cc0000, 0x9fc00000, 0xa6e00000)
  eden space 130304K, 0% used [0x91cc0000,0x91cc0000,0x99c00000)
  from space 10240K, 61% used [0x99c00000,0x9a230268,0x9a600000)
  to   space 9984K, 0% used [0x9f240000,0x9f240000,0x9fc00000)
 ParOldGen       total 43776K, used 19107K [0x67a00000, 0x6a4c0000, 0x91cc0000)
  object space 43776K, 43% used [0x67a00000,0x68ca8e18,0x6a4c0000)
 Metaspace       used 10250K, capacity 10490K, committed 10544K, reserved 10544K
}
Event: 5.666 GC heap before
{Heap before GC invocations=10 (full 0):
 PSYoungGen      total 140544K, used 136640K [0x91cc0000, 0x9fc00000, 0xa6e00000)
  eden space 130304K, 100% used [0x91cc0000,0x99c00000,0x99c00000)
  from space 10240K, 61% used [0x99c00000,0x9a230268,0x9a600000)
  to   space 9984K, 0% used [0x9f240000,0x9f240000,0x9fc00000)
 ParOldGen       total 43776K, used 19107K [0x67a00000, 0x6a4c0000, 0x91cc0000)
  object space 43776K, 43% used [0x67a00000,0x68ca8e18,0x6a4c0000)
 Metaspace       used 10316K, capacity 10556K, committed 10672K, reserved 11568K
Event: 5.676 GC heap after
Heap after GC invocations=10 (full 0):
 PSYoungGen      total 217088K, used 9972K [0x91cc0000, 0x9ff00000, 0xa6e00000)
  eden space 207104K, 0% used [0x91cc0000,0x91cc0000,0x9e700000)
  from space 9984K, 99% used [0x9f240000,0x9fbfd358,0x9fc00000)
  to   space 11520K, 0% used [0x9e700000,0x9e700000,0x9f240000)
 ParOldGen       total 43776K, used 20563K [0x67a00000, 0x6a4c0000, 0x91cc0000)
  object space 43776K, 46% used [0x67a00000,0x68e14d10,0x6a4c0000)
 Metaspace       used 10316K, capacity 10556K, committed 10672K, reserved 11568K
}

