# JRE version: OpenJDK Runtime Environment (8.0_131-b11) (build 1.8.0_131-8u131-b11-0ubuntu1.16.04.2-b11)
# Java VM: OpenJDK Server VM (25.131-b11 mixed mode linux-x86 )
Heap:
 PSYoungGen      total 216576K, used 61676K [0x91cc0000, 0xa0200000, 0xa6e00000)
  eden space 206080K, 24% used [0x91cc0000,0x94ebd3a8,0x9e600000)
  from space 10496K, 99% used [0x9f2c0000,0x9fcfdf88,0x9fd00000)
  to   space 13056K, 0% used [0x9e600000,0x9e600000,0x9f2c0000)
 ParOldGen       total 43776K, used 21558K [0x67a00000, 0x6a4c0000, 0x91cc0000)
  object space 43776K, 49% used [0x67a00000,0x68f0db60,0x6a4c0000)
 Metaspace       used 11358K, capacity 11610K, committed 11696K, reserved 12592K
GC Heap History (10 events):
Event: 2.321 GC heap before
{Heap before GC invocations=6 (full 0):
 PSYoungGen      total 35840K, used 35834K [0x91cc0000, 0x96d40000, 0xa6e00000)
  eden space 33280K, 100% used [0x91cc0000,0x93d40000,0x93d40000)
  from space 2560K, 99% used [0x93d40000,0x93fbeb80,0x93fc0000)
  to   space 7936K, 0% used [0x96580000,0x96580000,0x96d40000)
 ParOldGen       total 43776K, used 11078K [0x67a00000, 0x6a4c0000, 0x91cc0000)
  object space 43776K, 25% used [0x67a00000,0x684d19f0,0x6a4c0000)
 Metaspace       used 8514K, capacity 8689K, committed 8752K, reserved 9520K
Event: 2.339 GC heap after
Heap after GC invocations=6 (full 0):
 PSYoungGen      total 73472K, used 7720K [0x91cc0000, 0x96f40000, 0xa6e00000)
  eden space 65536K, 0% used [0x91cc0000,0x91cc0000,0x95cc0000)
  from space 7936K, 97% used [0x96580000,0x96d0a1b8,0x96d40000)
  to   space 8960K, 0% used [0x95cc0000,0x95cc0000,0x96580000)
 ParOldGen       total 43776K, used 11078K [0x67a00000, 0x6a4c0000, 0x91cc0000)
  object space 43776K, 25% used [0x67a00000,0x684d19f0,0x6a4c0000)
 Metaspace       used 8514K, capacity 8689K, committed 8752K, reserved 9520K
}
Event: 3.428 GC heap before
{Heap before GC invocations=7 (full 0):
 PSYoungGen      total 73472K, used 73256K [0x91cc0000, 0x96f40000, 0xa6e00000)
  eden space 65536K, 100% used [0x91cc0000,0x95cc0000,0x95cc0000)
  from space 7936K, 97% used [0x96580000,0x96d0a1b8,0x96d40000)
  to   space 8960K, 0% used [0x95cc0000,0x95cc0000,0x96580000)
 ParOldGen       total 43776K, used 11078K [0x67a00000, 0x6a4c0000, 0x91cc0000)
  object space 43776K, 25% used [0x67a00000,0x684d19f0,0x6a4c0000)
 Metaspace       used 11037K, capacity 11280K, committed 11312K, reserved 11568K
Event: 3.455 GC heap after
Heap after GC invocations=7 (full 0):
 PSYoungGen      total 74496K, used 7470K [0x91cc0000, 0x9afc0000, 0xa6e00000)
  eden space 65536K, 0% used [0x91cc0000,0x91cc0000,0x95cc0000)
  from space 8960K, 83% used [0x95cc0000,0x9640ba70,0x96580000)
  to   space 9728K, 0% used [0x9a640000,0x9a640000,0x9afc0000)
 ParOldGen       total 43776K, used 12132K [0x67a00000, 0x6a4c0000, 0x91cc0000)
  object space 43776K, 27% used [0x67a00000,0x685d9358,0x6a4c0000)
 Metaspace       used 11037K, capacity 11280K, committed 11312K, reserved 11568K
}
Event: 3.891 GC heap before
{Heap before GC invocations=8 (full 0):
 PSYoungGen      total 74496K, used 73006K [0x91cc0000, 0x9afc0000, 0xa6e00000)
  eden space 65536K, 100% used [0x91cc0000,0x95cc0000,0x95cc0000)
  from space 8960K, 83% used [0x95cc0000,0x9640ba70,0x96580000)
  to   space 9728K, 0% used [0x9a640000,0x9a640000,0x9afc0000)
 ParOldGen       total 43776K, used 12132K [0x67a00000, 0x6a4c0000, 0x91cc0000)
  object space 43776K, 27% used [0x67a00000,0x685d9358,0x6a4c0000)
 Metaspace       used 11163K, capacity 11416K, committed 11440K, reserved 11568K
Event: 3.905 GC heap after
Heap after GC invocations=8 (full 0):
 PSYoungGen      total 140032K, used 8486K [0x91cc0000, 0x9b140000, 0xa6e00000)
  eden space 130304K, 0% used [0x91cc0000,0x91cc0000,0x99c00000)
  from space 9728K, 87% used [0x9a640000,0x9ae89820,0x9afc0000)
  to   space 10496K, 0% used [0x99c00000,0x99c00000,0x9a640000)
 ParOldGen       total 43776K, used 13149K [0x67a00000, 0x6a4c0000, 0x91cc0000)
  object space 43776K, 30% used [0x67a00000,0x686d7798,0x6a4c0000)
 Metaspace       used 11163K, capacity 11416K, committed 11440K, reserved 11568K
}
Event: 4.798 GC heap before
{Heap before GC invocations=9 (full 0):
 PSYoungGen      total 140032K, used 138790K [0x91cc0000, 0x9b140000, 0xa6e00000)
  eden space 130304K, 100% used [0x91cc0000,0x99c00000,0x99c00000)
  from space 9728K, 87% used [0x9a640000,0x9ae89820,0x9afc0000)
  to   space 10496K, 0% used [0x99c00000,0x99c00000,0x9a640000)
 ParOldGen       total 43776K, used 13149K [0x67a00000, 0x6a4c0000, 0x91cc0000)
  object space 43776K, 30% used [0x67a00000,0x686d7798,0x6a4c0000)
 Metaspace       used 11255K, capacity 11512K, committed 11568K, reserved 11568K
Event: 4.812 GC heap after
Heap after GC invocations=9 (full 0):
 PSYoungGen      total 140800K, used 7207K [0x91cc0000, 0x9fd00000, 0xa6e00000)
  eden space 130304K, 0% used [0x91cc0000,0x91cc0000,0x99c00000)
  from space 10496K, 68% used [0x99c00000,0x9a309da8,0x9a640000)
  to   space 10496K, 0% used [0x9f2c0000,0x9f2c0000,0x9fd00000)
 ParOldGen       total 43776K, used 17712K [0x67a00000, 0x6a4c0000, 0x91cc0000)
  object space 43776K, 40% used [0x67a00000,0x68b4c158,0x6a4c0000)
 Metaspace       used 11255K, capacity 11512K, committed 11568K, reserved 11568K
}
Event: 5.539 GC heap before
{Heap before GC invocations=10 (full 0):
 PSYoungGen      total 140800K, used 137511K [0x91cc0000, 0x9fd00000, 0xa6e00000)
  eden space 130304K, 100% used [0x91cc0000,0x99c00000,0x99c00000)
  from space 10496K, 68% used [0x99c00000,0x9a309da8,0x9a640000)
  to   space 10496K, 0% used [0x9f2c0000,0x9f2c0000,0x9fd00000)
 ParOldGen       total 43776K, used 17712K [0x67a00000, 0x6a4c0000, 0x91cc0000)
  object space 43776K, 40% used [0x67a00000,0x68b4c158,0x6a4c0000)
 Metaspace       used 11309K, capacity 11546K, committed 11568K, reserved 11568K
Event: 5.554 GC heap after
Heap after GC invocations=10 (full 0):
 PSYoungGen      total 216576K, used 10487K [0x91cc0000, 0xa0200000, 0xa6e00000)
  eden space 206080K, 0% used [0x91cc0000,0x91cc0000,0x9e600000)
  from space 10496K, 99% used [0x9f2c0000,0x9fcfdf88,0x9fd00000)
  to   space 13056K, 0% used [0x9e600000,0x9e600000,0x9f2c0000)
 ParOldGen       total 43776K, used 21558K [0x67a00000, 0x6a4c0000, 0x91cc0000)
  object space 43776K, 49% used [0x67a00000,0x68f0db60,0x6a4c0000)
 Metaspace       used 11309K, capacity 11546K, committed 11568K, reserved 11568K
}

